<?xml version="1.0" encoding="UTF-8"?>
<!-- Generated by org.testng.reporters.JUnitReportReporter -->
<testsuite hostname="DESKTOP-IBO7BN4" failures="0" tests="1" name="testcases.HowToTakeScreenshot" time="70.505" errors="0" timestamp="2022-08-01T04:54:24 CDT" skipped="0">
  <testcase classname="testcases.HowToTakeScreenshot" name="takeScreenshot" time="70.505"/>
  <system-out/>
</testsuite> <!-- testcases.HowToTakeScreenshot -->
