<?xml version="1.0" encoding="UTF-8"?>
<!-- Generated by org.testng.reporters.JUnitReportReporter -->
<testsuite hostname="DESKTOP-IBO7BN4" failures="0" tests="1" name="testcase1.ReadExcelFileXLSX" time="5.986" errors="0" timestamp="2022-08-05T09:16:59 CDT" skipped="0">
  <testcase classname="testcase1.ReadExcelFileXLSX" name="readExcelXlsx" time="5.986"/>
  <system-out/>
</testsuite> <!-- testcase1.ReadExcelFileXLSX -->
