<?xml version="1.0" encoding="UTF-8"?>
<!-- Generated by org.testng.reporters.JUnitReportReporter -->
<testsuite hostname="DESKTOP-IBO7BN4" failures="0" tests="1" name="testcase1.HowToHandleFrame" time="14.079" errors="0" timestamp="2022-08-07T12:12:56 CDT" skipped="0">
  <testcase classname="testcase1.HowToHandleFrame" name="HandleFrame" time="14.079"/>
  <system-out/>
</testsuite> <!-- testcase1.HowToHandleFrame -->
