<?xml version="1.0" encoding="UTF-8"?>
<!-- Generated by org.testng.reporters.JUnitReportReporter -->
<testsuite hostname="DESKTOP-IBO7BN4" failures="0" tests="1" name="testcases.HowHnadleMultipleWindow" time="58.301" errors="0" timestamp="2022-08-01T06:56:27 CDT" skipped="0">
  <testcase classname="testcases.HowHnadleMultipleWindow" name="MultileWindow" time="58.301"/>
  <system-out/>
</testsuite> <!-- testcases.HowHnadleMultipleWindow -->
