<?xml version="1.0" encoding="UTF-8"?>
<!-- Generated by org.testng.reporters.JUnitReportReporter -->
<testsuite hostname="DESKTOP-IBO7BN4" failures="0" tests="1" name="testcases.SelectDateFromDatePicker" time="56.172" errors="0" timestamp="2022-08-02T02:35:58 CDT" skipped="0">
  <testcase classname="testcases.SelectDateFromDatePicker" name="VerifySelectDateFromDatePicker" time="56.172"/>
  <system-out/>
</testsuite> <!-- testcases.SelectDateFromDatePicker -->
