<?xml version="1.0" encoding="UTF-8"?>
<!-- Generated by org.testng.reporters.JUnitReportReporter -->
<testsuite hostname="DESKTOP-IBO7BN4" failures="0" tests="1" name="testcase1.SelectDateFromDatePicker" time="22.400" errors="0" timestamp="2022-08-12T08:31:05 GMT-05:00" skipped="0">
  <testcase classname="testcase1.SelectDateFromDatePicker" name="VerifySelectDateFromDatePicker" time="22.400"/>
  <system-out/>
</testsuite> <!-- testcase1.SelectDateFromDatePicker -->
