<?xml version="1.0" encoding="UTF-8"?>
<!-- Generated by org.testng.reporters.JUnitReportReporter -->
<testsuite hostname="DESKTOP-IBO7BN4" failures="0" tests="1" name="testcase1.ReadExcelFile" time="130.023" errors="0" timestamp="2022-08-03T10:24:50 CDT" skipped="0">
  <testcase classname="testcase1.ReadExcelFile" name="ReadxlsFile" time="130.023"/>
  <system-out/>
</testsuite> <!-- testcase1.ReadExcelFile -->
