<?xml version="1.0" encoding="UTF-8"?>
<!-- Generated by org.testng.reporters.JUnitReportReporter -->
<testsuite hostname="DESKTOP-IBO7BN4" failures="0" tests="1" name="testcase1.HowToHandleAlert" time="34.533" errors="0" timestamp="2022-08-12T08:44:51 GMT-05:00" skipped="0">
  <testcase classname="testcase1.HowToHandleAlert" name="VarifyAlert" time="34.533"/>
  <system-out/>
</testsuite> <!-- testcase1.HowToHandleAlert -->
