<?xml version="1.0" encoding="UTF-8"?>
<!-- Generated by org.testng.reporters.JUnitReportReporter -->
<testsuite hostname="DESKTOP-IBO7BN4" failures="0" tests="6" name="testcase1.ParrelelExecution" time="327.930" errors="0" timestamp="2022-08-08T12:16:18 CDT" skipped="0">
  <testcase classname="testcase1.ParrelelExecution" name="test6" time="21.991"/>
  <system-out/>
  <testcase classname="testcase1.ParrelelExecution" name="test1" time="61.405"/>
  <system-out/>
  <testcase classname="testcase1.ParrelelExecution" name="test5" time="55.180"/>
  <system-out/>
  <testcase classname="testcase1.ParrelelExecution" name="test2" time="66.414"/>
  <system-out/>
  <testcase classname="testcase1.ParrelelExecution" name="test3" time="61.443"/>
  <system-out/>
  <testcase classname="testcase1.ParrelelExecution" name="test4" time="61.497"/>
  <system-out/>
</testsuite> <!-- testcase1.ParrelelExecution -->
