<?xml version="1.0" encoding="UTF-8"?>
<!-- Generated by org.testng.reporters.JUnitReportReporter -->
<testsuite hostname="DESKTOP-IBO7BN4" failures="0" tests="1" name="testcases.HowToScrollTillEnd" time="23.748" errors="0" timestamp="2022-07-31T05:23:39 CDT" skipped="0">
  <testcase classname="testcases.HowToScrollTillEnd" name="ScrollTillEnd" time="23.748"/>
  <system-out/>
</testsuite> <!-- testcases.HowToScrollTillEnd -->
