<?xml version="1.0" encoding="UTF-8"?>
<!-- Generated by org.testng.reporters.JUnitReportReporter -->
<testsuite hostname="DESKTOP-IBO7BN4" failures="0" tests="1" name="testcase1.HowToHandleAlert" time="64.397" errors="0" timestamp="2022-08-03T07:25:10 CDT" skipped="0">
  <testcase classname="testcase1.HowToHandleAlert" name="VarifyAlert" time="64.397"/>
  <system-out/>
</testsuite> <!-- testcase1.HowToHandleAlert -->
