<?xml version="1.0" encoding="UTF-8"?>
<!-- Generated by org.testng.reporters.JUnitReportReporter -->
<testsuite hostname="DESKTOP-IBO7BN4" failures="0" tests="1" name="testcases.HowToHandleFrame" time="52.170" errors="0" timestamp="2022-07-31T02:58:32 CDT" skipped="0">
  <testcase classname="testcases.HowToHandleFrame" name="HandleFrame" time="52.170"/>
  <system-out/>
</testsuite> <!-- testcases.HowToHandleFrame -->
