<?xml version="1.0" encoding="UTF-8"?>
<!-- Generated by org.testng.reporters.JUnitReportReporter -->
<testsuite hostname="DESKTOP-IBO7BN4" failures="0" tests="1" name="testcases.FluientWait" time="23.748" errors="0" timestamp="2022-08-01T01:36:40 CDT" skipped="0">
  <testcase classname="testcases.FluientWait" name="Wait" time="23.748"/>
  <system-out/>
</testsuite> <!-- testcases.FluientWait -->
