<?xml version="1.0" encoding="UTF-8"?>
<!-- Generated by org.testng.reporters.JUnitReportReporter -->
<testsuite hostname="DESKTOP-IBO7BN4" failures="0" tests="1" name="testcases.NavigationCommand" time="51.062" errors="0" timestamp="2022-08-01T12:12:16 CDT" skipped="0">
  <testcase classname="testcases.NavigationCommand" name="NaviCommand" time="51.062"/>
  <system-out/>
</testsuite> <!-- testcases.NavigationCommand -->
