<?xml version="1.0" encoding="UTF-8"?>
<!-- Generated by org.testng.reporters.JUnitReportReporter -->
<testsuite hostname="DESKTOP-IBO7BN4" failures="0" tests="1" name="testcases.HowToHandleAlert" time="70.267" errors="0" timestamp="2022-07-31T01:32:09 CDT" skipped="0">
  <testcase classname="testcases.HowToHandleAlert" name="VarifyAlert" time="70.267"/>
  <system-out/>
</testsuite> <!-- testcases.HowToHandleAlert -->
