<?xml version="1.0" encoding="UTF-8"?>
<!-- Generated by org.testng.reporters.JUnitReportReporter -->
<testsuite hostname="DESKTOP-IBO7BN4" failures="0" tests="1" name="testcase1.HowHnadleMultipleWindow" time="47.501" errors="0" timestamp="2022-08-12T07:51:07 GMT-05:00" skipped="0">
  <testcase classname="testcase1.HowHnadleMultipleWindow" name="MultileWindow" time="47.501"/>
  <system-out/>
</testsuite> <!-- testcase1.HowHnadleMultipleWindow -->
