<?xml version="1.0" encoding="UTF-8"?>
<!-- Generated by org.testng.reporters.JUnitReportReporter -->
<testsuite hostname="DESKTOP-IBO7BN4" failures="0" tests="1" name="testcases.ReadExcelFile" time="78.933" errors="0" timestamp="2022-08-03T05:09:03 CDT" skipped="0">
  <testcase classname="testcases.ReadExcelFile" name="ReadxlsFile" time="78.933"/>
  <system-out/>
</testsuite> <!-- testcases.ReadExcelFile -->
