<?xml version="1.0" encoding="UTF-8"?>
<!-- Generated by org.testng.reporters.JUnitReportReporter -->
<testsuite hostname="DESKTOP-IBO7BN4" failures="0" tests="1" name="testcase1.ReadExcelFileXLS" time="1.328" errors="0" timestamp="2022-08-05T09:17:17 CDT" skipped="0">
  <testcase classname="testcase1.ReadExcelFileXLS" name="ReadxlsFile" time="1.328"/>
  <system-out/>
</testsuite> <!-- testcase1.ReadExcelFileXLS -->
